<?xml version="1.0" encoding="UTF-8"?>
<!-- Generated by org.testng.reporters.JUnitReportReporter -->
<testsuite hostname="tp-zgs0336--" name="com.course.cases.AddUserInfoTest" tests="1" failures="0" timestamp="9 Jul 2019 02:45:06 GMT" time="1.212" errors="0">
  <testcase name="addUser" time="1.212" classname="com.course.cases.AddUserInfoTest"/>
</testsuite> <!-- com.course.cases.AddUserInfoTest -->
